Using pre-set license
Built from '2021.3/staging' branch; Version is '2021.3.15f1 (e8e88683f834) revision 15263878'; Using compiler version '192829333'; Build Type 'Release'
OS: 'Windows 10  (10.0.19044) 64bit Professional' Language: 'ru' Physical Memory: 8044 MB
BatchMode: 1, IsHumanControllingUs: 0, StartBugReporterOnCrash: 0, Is64bit: 1, IsPro: 1

COMMAND LINE ARGUMENTS:
D:\–ò–ª—å—è\2021.3.15f1\Editor\Unity.exe
-adb2
-batchMode
-noUpm
-name
AssetImportWorker5
-projectPath
D:/–ò–ª—å—è/CV/projects/TileVania!!
-logFile
Logs/AssetImportWorker5.log
-srvPort
57535
Successfully changed project path to: D:/–ò–ª—å—è/CV/projects/TileVania!!
D:/–ò–ª—å—è/CV/projects/TileVania!!
[UnityMemory] Configuration Parameters - Can be set up in boot.config
    "memorysetup-bucket-allocator-granularity=16"
    "memorysetup-bucket-allocator-bucket-count=8"
    "memorysetup-bucket-allocator-block-size=33554432"
    "memorysetup-bucket-allocator-block-count=8"
    "memorysetup-main-allocator-block-size=16777216"
    "memorysetup-thread-allocator-block-size=16777216"
    "memorysetup-gfx-main-allocator-block-size=16777216"
    "memorysetup-gfx-thread-allocator-block-size=16777216"
    "memorysetup-cache-allocator-block-size=4194304"
    "memorysetup-typetree-allocator-block-size=2097152"
    "memorysetup-profiler-bucket-allocator-granularity=16"
    "memorysetup-profiler-bucket-allocator-bucket-count=8"
    "memorysetup-profiler-bucket-allocator-block-size=33554432"
    "memorysetup-profiler-bucket-allocator-block-count=8"
    "memorysetup-profiler-allocator-block-size=16777216"
    "memorysetup-profiler-editor-allocator-block-size=1048576"
    "memorysetup-temp-allocator-size-main=16777216"
    "memorysetup-job-temp-allocator-block-size=2097152"
    "memorysetup-job-temp-allocator-block-size-background=1048576"
    "memorysetup-job-temp-allocator-reduction-small-platforms=262144"
    "memorysetup-temp-allocator-size-background-worker=32768"
    "memorysetup-temp-allocator-size-job-worker=262144"
    "memorysetup-temp-allocator-size-preload-manager=33554432"
    "memorysetup-temp-allocator-size-nav-mesh-worker=65536"
    "memorysetup-temp-allocator-size-audio-worker=65536"
    "memorysetup-temp-allocator-size-cloud-worker=32768"
    "memorysetup-temp-allocator-size-gi-baking-worker=262144"
    "memorysetup-temp-allocator-size-gfx=262144"
Player connection [11232] Host "[IP] 172.26.0.1 [Port] 0 [Flags] 2 [Guid] 727185718 [EditorId] 727185718 [Version] 1048832 [Id] WindowsEditor(7,DESKTOP-32PQPGV) [Debug] 1 [PackageName] WindowsEditor [ProjectName] Editor" joined multi-casting on [225.0.0.222:54997]...

Player connection [11232] Host "[IP] 172.26.0.1 [Port] 0 [Flags] 2 [Guid] 727185718 [EditorId] 727185718 [Version] 1048832 [Id] WindowsEditor(7,DESKTOP-32PQPGV) [Debug] 1 [PackageName] WindowsEditor [ProjectName] Editor" joined alternative multi-casting on [225.0.0.222:34997]...

Refreshing native plugins compatible for Editor in 160.39 ms, found 4 plugins.
Preloading 0 native plugins for Editor in 0.00 ms.
Initialize engine version: 2021.3.15f1 (e8e88683f834)
[Subsystems] Discovering subsystems at path D:/–ò–ª—å—è/2021.3.15f1/Editor/Data/Resources/UnitySubsystems
[Subsystems] Discovering subsystems at path D:/–ò–ª—å—è/CV/projects/TileVania!!/Assets
GfxDevice: creating device client; threaded=0; jobified=0
Direct3D:
    Version:  Direct3D 11.0 [level 11.1]
    Renderer: Intel(R) UHD Graphics 620 (ID=0x3ea0)
    Vendor:   Intel
    VRAM:     4022 MB
    Driver:   27.20.100.8681
Initialize mono
Mono path[0] = 'D:/–ò–ª—å—è/2021.3.15f1/Editor/Data/Managed'
Mono path[1] = 'D:/–ò–ª—å—è/2021.3.15f1/Editor/Data/MonoBleedingEdge/lib/mono/unityjit-win32'
Mono config path = 'D:/–ò–ª—å—è/2021.3.15f1/Editor/Data/MonoBleedingEdge/etc'
Using monoOptions --debugger-agent=transport=dt_socket,embedding=1,server=y,suspend=n,address=127.0.0.1:56696
Begin MonoManager ReloadAssembly
Registering precompiled unity dll's ...
Register platform support module: D:/–ò–ª—å—è/2021.3.15f1/Editor/Data/PlaybackEngines/AndroidPlayer/UnityEditor.Android.Extensions.dll
Register platform support module: D:/–ò–ª—å—è/2021.3.15f1/Editor/Data/PlaybackEngines/WindowsStandaloneSupport/UnityEditor.WindowsStandalone.Extensions.dll
Registered in 0.003538 seconds.
Could not allocate 8192 bytes
Crash!!!
SymInit: Symbol-SearchPath: 'D:/–ò–ª—å—è/2021.3.15f1/Editor/Data/Mono;.;D:\»Î¸ˇ\CV\projects\TileVania!!;D:\»Î¸ˇ\CV\projects\TileVania!!\Library\BurstCache\JIT;D:\»Î¸ˇ\2021.3.15f1\Editor;C:\WINDOWS;C:\WINDOWS\system32;', symOptions: 534, UserName: 'Iulia'
OS-Version: 10.0.0
D:\»Î¸ˇ\2021.3.15f1\Editor\Unity.exe:Unity.exe (00007FF68F660000), size: 73695232 (result: 0), SymType: '-deferred-', PDB: '', fileVersion: 2021.3.15.59526
C:\WINDOWS\SYSTEM32\ntdll.dll:ntdll.dll (00007FF9DAED0000), size: 2064384 (result: 0), SymType: '-deferred-', PDB: '', fileVersion: 10.0.19041.2788
C:\Program Files\Avast Software\Avast\aswhook.dll:aswhook.dll (00007FF96D070000), size: 102400 (result: 0), SymType: '-deferred-', PDB: '', fileVersion: 23.4.8118.0
C:\WINDOWS\System32\KERNEL32.DLL:KERNEL32.DLL (00007FF9DA800000), size: 782336 (result: 8), SymType: '-unknown-', PDB: '', fileVersion: 10.0.19041.2913
  ERROR: LoadModule, GetLastError: '–ù–µ–¥–æ—Å—Ç–∞—Ç–æ—á–Ω–æ —Ä–µ—Å—É—Ä—Å–æ–≤ –ø–∞–º—è—Ç–∏ –¥–ª—è –æ–±—Ä–∞–±–æ—Ç–∫–∏ —ç—Ç–æ–π –∫–æ–º–∞–Ω–¥—ã.' (Address: 0000000000000000)
C:\WINDOWS\System32\KERNELBASE.dll:KERNELBASE.dll (00007FF9D87B0000), size: 3104768 (result: 8), SymType: '-unknown-', PDB: '', fileVersion: 10.0.19041.2913
  ERROR: LoadModule, GetLastError: '–ù–µ–¥–æ—Å—Ç–∞—Ç–æ—á–Ω–æ —Ä–µ—Å—É—Ä—Å–æ–≤ –ø–∞–º—è—Ç–∏ –¥–ª—è –æ–±—Ä–∞–±–æ—Ç–∫–∏ —ç—Ç–æ–π –∫–æ–º–∞–Ω–¥—ã.' (Address: 0000000000000000)
C:\WINDOWS\System32\CRYPT32.dll:CRYPT32.dll (00007FF9D8DD0000), size: 1433600 (result: 8), SymType: '-unknown-', PDB: '', fileVersion: 10.0.19041.2965
  ERROR: LoadModule, GetLastError: '–ù–µ–¥–æ—Å—Ç–∞—Ç–æ—á–Ω–æ —Ä–µ—Å—É—Ä—Å–æ–≤ –ø–∞–º—è—Ç–∏ –¥–ª—è –æ–±—Ä–∞–±–æ—Ç–∫–∏ —ç—Ç–æ–π –∫–æ–º–∞–Ω–¥—ã.' (Address: 0000000000000000)
C:\WINDOWS\System32\ucrtbase.dll:ucrtbase.dll (00007FF9D8B20000), size: 1048576 (result: 0), SymType: '-deferred-', PDB: '', fileVersion: 10.0.19041.789
C:\WINDOWS\System32\USER32.dll:USER32.dll (00007FF9DA8C0000), size: 1691648 (result: 0), SymType: '-deferred-', PDB: '', fileVersion: 10.0.19041.2788
C:\WINDOWS\System32\win32u.dll:win32u.dll (00007FF9D8730000), size: 139264 (result: 0), SymType: '-deferred-', PDB: '', fileVersion: 10.0.19041.2913
C:\WINDOWS\System32\GDI32.dll:GDI32.dll (00007FF9DAE60000), size: 180224 (result: 0), SymType: '-deferred-', PDB: '', fileVersion: 10.0.19041.2913
C:\WINDOWS\System32\gdi32full.dll:gdi32full.dll (00007FF9D8CB0000), size: 1134592 (result: 8), SymType: '-unknown-', PDB: '', fileVersion: 10.0.19041.2913
  ERROR: LoadModule, GetLastError: '–ù–µ–¥–æ—Å—Ç–∞—Ç–æ—á–Ω–æ —Ä–µ—Å—É—Ä—Å–æ–≤ –ø–∞–º—è—Ç–∏ –¥–ª—è –æ–±—Ä–∞–±–æ—Ç–∫–∏ —ç—Ç–æ–π –∫–æ–º–∞–Ω–¥—ã.' (Address: 0000000000000000)
C:\WINDOWS\System32\msvcp_win.dll:msvcp_win.dll (00007FF9D85E0000), size: 643072 (result: 0), SymType: '-deferred-', PDB: '', fileVersion: 10.0.19041.789
C:\WINDOWS\System32\ADVAPI32.dll:ADVAPI32.dll (00007FF9D9230000), size: 716800 (result: 0), SymType: '-deferred-', PDB: '', fileVersion: 10.0.19041.2913
C:\WINDOWS\System32\msvcrt.dll:msvcrt.dll (00007FF9D90F0000), size: 647168 (result: 0), SymType: '-deferred-', PDB: '', fileVersion: 7.0.19041.546
C:\WINDOWS\System32\sechost.dll:sechost.dll (00007FF9D9190000), size: 638976 (result: 0), SymType: '-deferred-', PDB: '', fileVersion: 10.0.19041.2913
C:\WINDOWS\System32\RPCRT4.dll:RPCRT4.dll (00007FF9DA6D0000), size: 1204224 (result: 0), SymType: '-deferred-', PDB: '', fileVersion: 10.0.19041.2965
C:\WINDOWS\System32\SHELL32.dll:SHELL32.dll (00007FF9D9340000), size: 7618560 (result: 0), SymType: '-deferred-', PDB: '', fileVersion: 10.0.19041.2788
C:\WINDOWS\System32\SHLWAPI.dll:SHLWAPI.dll (00007FF9DAC40000), size: 348160 (result: 0), SymType: '-deferred-', PDB: '', fileVersion: 10.0.19041.2075
D:\»Î¸ˇ\2021.3.15f1\Editor\libfbxsdk.dll:libfbxsdk.dll (00007FF94E130000), size: 10215424 (result: 0), SymType: '-deferred-', PDB: '', fileVersion: 2020.2.0.0
C:\WINDOWS\System32\ole32.dll:ole32.dll (00007FF9DA5A0000), size: 1220608 (result: 0), SymType: '-deferred-', PDB: '', fileVersion: 10.0.19041.2965
C:\WINDOWS\System32\combase.dll:combase.dll (00007FF9D9FF0000), size: 3489792 (result: 0), SymType: '-deferred-', PDB: '', fileVersion: 10.0.19041.2788
C:\WINDOWS\System32\IMM32.dll:IMM32.dll (00007FF9DAAD0000), size: 196608 (result: 0), SymType: '-deferred-', PDB: '', fileVersion: 10.0.19041.2673
C:\WINDOWS\System32\SETUPAPI.dll:SETUPAPI.dll (00007FF9D9B80000), size: 4620288 (result: 0), SymType: '-deferred-', PDB: '', fileVersion: 10.0.19041.2193
C:\WINDOWS\System32\cfgmgr32.dll:cfgmgr32.dll (00007FF9D8760000), size: 319488 (result: 0), SymType: '-deferred-', PDB: '', fileVersion: 10.0.19041.1620
D:\»Î¸ˇ\2021.3.15f1\Editor\optix.6.0.0.dll:optix.6.0.0.dll (00007FF9C35E0000), size: 208896 (result: 0), SymType: '-deferred-', PDB: '', fileVersion: 6.0.0.0
C:\WINDOWS\System32\bcrypt.dll:bcrypt.dll (00007FF9D85B0000), size: 159744 (result: 0), SymType: '-deferred-', PDB: '', fileVersion: 10.0.19041.2486
C:\WINDOWS\System32\WS2_32.dll:WS2_32.dll (00007FF9DAB20000), size: 438272 (result: 0), SymType: '-deferred-', PDB: '', fileVersion: 10.0.19041.546
C:\WINDOWS\System32\OLEAUT32.dll:OLEAUT32.dll (00007FF9D9010000), size: 839680 (result: 0), SymType: '-deferred-', PDB: '', fileVersion: 10.0.19041.985
D:\»Î¸ˇ\2021.3.15f1\Editor\s3tcompress.dll:s3tcompress.dll (00007FF9D2320000), size: 180224 (result: 0), SymType: '-deferred-', PDB: ''
C:\WINDOWS\System32\WINTRUST.dll:WINTRUST.dll (00007FF9D8AB0000), size: 421888 (result: 0), SymType: '-deferred-', PDB: '', fileVersion: 10.0.19041.2913
D:\»Î¸ˇ\2021.3.15f1\Editor\etccompress.dll:etccompress.dll (00007FF951CC0000), size: 5066752 (result: 0), SymType: '-deferred-', PDB: ''
D:\»Î¸ˇ\2021.3.15f1\Editor\ispc_texcomp.dll:ispc_texcomp.dll (00007FF9B6A70000), size: 1740800 (result: 0), SymType: '-deferred-', PDB: ''
D:\»Î¸ˇ\2021.3.15f1\Editor\compress_bc7e.dll:compress_bc7e.dll (00007FF9B6910000), size: 1441792 (result: 0), SymType: '-deferred-', PDB: ''
D:\»Î¸ˇ\2021.3.15f1\Editor\FreeImage.dll:FreeImage.dll (0000000180000000), size: 6582272 (result: 0), SymType: '-deferred-', PDB: '', fileVersion: 3.18.0.0
D:\»Î¸ˇ\2021.3.15f1\Editor\OpenImageDenoise.dll:OpenImageDenoise.dll (00007FF8F8BD0000), size: 48848896 (result: 0), SymType: '-deferred-', PDB: '', fileVersion: 1.4.2.0
D:\»Î¸ˇ\2021.3.15f1\Editor\WinPixEventRuntime.dll:WinPixEventRuntime.dll (00007FF9D3C30000), size: 45056 (result: 0), SymType: '-deferred-', PDB: '', fileVersion: 1.0.1812.6001
D:\»Î¸ˇ\2021.3.15f1\Editor\umbraoptimizer64.dll:umbraoptimizer64.dll (00007FF99D640000), size: 1187840 (result: 0), SymType: '-deferred-', PDB: ''
C:\WINDOWS\SYSTEM32\OPENGL32.dll:OPENGL32.dll (00007FF9B61F0000), size: 1200128 (result: 0), SymType: '-deferred-', PDB: '', fileVersion: 10.0.19041.2193
C:\WINDOWS\SYSTEM32\GLU32.dll:GLU32.dll (00007FF9B7610000), size: 180224 (result: 0), SymType: '-deferred-', PDB: '', fileVersion: 10.0.19041.2193
C:\WINDOWS\SYSTEM32\IPHLPAPI.DLL:IPHLPAPI.DLL (00007FF9D7940000), size: 245760 (result: 0), SymType: '-deferred-', PDB: '', fileVersion: 10.0.19041.2788
C:\WINDOWS\SYSTEM32\WINHTTP.dll:WINHTTP.dll (00007FF9CF660000), size: 1089536 (result: 0), SymType: '-deferred-', PDB: '', fileVersion: 10.0.19041.2673
C:\WINDOWS\SYSTEM32\WINMM.dll:WINMM.dll (00007FF9B93A0000), size: 159744 (result: 0), SymType: '-deferred-', PDB: '', fileVersion: 10.0.19041.546
C:\WINDOWS\SYSTEM32\HID.DLL:HID.DLL (00007FF9D6DB0000), size: 53248 (result: 0), SymType: '-deferred-', PDB: '', fileVersion: 10.0.19041.546
D:\»Î¸ˇ\2021.3.15f1\Editor\RadeonImageFilters.dll:RadeonImageFilters.dll (00007FF9540E0000), size: 2961408 (result: 0), SymType: '-deferred-', PDB: '', fileVersion: 1.7.0.0
C:\WINDOWS\SYSTEM32\dwmapi.dll:dwmapi.dll (00007FF9D5D90000), size: 192512 (result: 0), SymType: '-deferred-', PDB: '', fileVersion: 10.0.19041.746
D:\»Î¸ˇ\2021.3.15f1\Editor\SketchUpAPI.dll:SketchUpAPI.dll (00007FF94D850000), size: 9306112 (result: 0), SymType: '-deferred-', PDB: '', fileVersion: 20.2.172.0
C:\WINDOWS\SYSTEM32\VERSION.dll:VERSION.dll (00007FF9D1130000), size: 40960 (result: 0), SymType: '-deferred-', PDB: '', fileVersion: 10.0.19041.546
C:\WINDOWS\SYSTEM32\WSOCK32.dll:WSOCK32.dll (00007FF9C1AC0000), size: 36864 (result: 0), SymType: '-deferred-', PDB: '', fileVersion: 10.0.19041.1
D:\»Î¸ˇ\2021.3.15f1\Editor\tbb12.dll:tbb12.dll (00007FF9B6780000), size: 434176 (result: 0), SymType: '-deferred-', PDB: ''
C:\WINDOWS\SYSTEM32\MSVCP140.dll:MSVCP140.dll (00007FF94B430000), size: 581632 (result: 0), SymType: '-deferred-', PDB: '', fileVersion: 14.32.31332.0
C:\WINDOWS\SYSTEM32\VCRUNTIME140.dll:VCRUNTIME140.dll (00007FF96D050000), size: 110592 (result: 0), SymType: '-deferred-', PDB: '', fileVersion: 14.32.31332.0
D:\»Î¸ˇ\2021.3.15f1\Editor\RadeonML.dll:RadeonML.dll (00007FF9D2B60000), size: 94208 (result: 0), SymType: '-deferred-', PDB: '', fileVersion: 0.9.11.0
D:\»Î¸ˇ\2021.3.15f1\Editor\SketchUpCommonPreferences.dll:SketchUpCommonPreferences.dll (00007FF9B5590000), size: 479232 (result: 0), SymType: '-deferred-', PDB: '', fileVersion: 20.2.172.37
C:\WINDOWS\SYSTEM32\Secur32.dll:Secur32.dll (00007FF9C3130000), size: 49152 (result: 0), SymType: '-deferred-', PDB: '', fileVersion: 10.0.19041.546
C:\WINDOWS\SYSTEM32\VCRUNTIME140_1.dll:VCRUNTIME140_1.dll (00007FF94B330000), size: 49152 (result: 0), SymType: '-deferred-', PDB: '', fileVersion: 14.32.31332.0
D:\»Î¸ˇ\2021.3.15f1\Editor\tbbmalloc.dll:tbbmalloc.dll (00007FF9C2FB0000), size: 282624 (result: 0), SymType: '-deferred-', PDB: ''
C:\WINDOWS\SYSTEM32\SSPICLI.DLL:SSPICLI.DLL (00007FF9D8470000), size: 204800 (result: 0), SymType: '-deferred-', PDB: '', fileVersion: 10.0.19041.2130
D:\»Î¸ˇ\2021.3.15f1\Editor\OpenRL.dll:OpenRL.dll (0000020E7DB20000), size: 12779520 (result: 0), SymType: '-deferred-', PDB: '', fileVersion: 1.5.0.2907
C:\WINDOWS\SYSTEM32\MSVCR100.dll:MSVCR100.dll (00000000578C0000), size: 860160 (result: 0), SymType: '-deferred-', PDB: '', fileVersion: 10.0.40219.325
C:\WINDOWS\SYSTEM32\MSVCP100.dll:MSVCP100.dll (00000000579A0000), size: 622592 (result: 0), SymType: '-deferred-', PDB: '', fileVersion: 10.0.40219.325
D:\»Î¸ˇ\2021.3.15f1\Editor\embree.dll:embree.dll (00007FF94C860000), size: 16711680 (result: 0), SymType: '-deferred-', PDB: '', fileVersion: 2.14.0.0
C:\WINDOWS\SYSTEM32\MSWSOCK.DLL:MSWSOCK.DLL (00007FF9D7C30000), size: 434176 (result: 0), SymType: '-deferred-', PDB: '', fileVersion: 10.0.19041.546
D:\»Î¸ˇ\2021.3.15f1\Editor\tbb.dll:tbb.dll (00007FF9B56B0000), size: 413696 (result: 0), SymType: '-deferred-', PDB: '', fileVersion: 2017.0.2016.1004
C:\WINDOWS\SYSTEM32\MSVCP120.dll:MSVCP120.dll (00007FF9AE130000), size: 679936 (result: 0), SymType: '-deferred-', PDB: '', fileVersion: 12.0.40664.0
C:\WINDOWS\SYSTEM32\MSVCR120.dll:MSVCR120.dll (00007FF997E20000), size: 978944 (result: 0), SymType: '-deferred-', PDB: '', fileVersion: 12.0.40664.0
D:\»Î¸ˇ\2021.3.15f1\Editor\OpenRL_pthread.dll:OpenRL_pthread.dll (0000020E7E770000), size: 61440 (result: 0), SymType: '-deferred-', PDB: '', fileVersion: 2.9.0.0
C:\WINDOWS\SYSTEM32\MSASN1.dll:MSASN1.dll (00007FF9D80C0000), size: 73728 (result: 0), SymType: '-deferred-', PDB: '', fileVersion: 10.0.19041.2251
C:\WINDOWS\SYSTEM32\kernel.appcore.dll:kernel.appcore.dll (00007FF9D6DC0000), size: 73728 (result: 0), SymType: '-deferred-', PDB: '', fileVersion: 10.0.19041.546
C:\WINDOWS\System32\bcryptPrimitives.dll:bcryptPrimitives.dll (00007FF9D8C20000), size: 532480 (result: 0), SymType: '-deferred-', PDB: '', fileVersion: 10.0.19041.2486
C:\WINDOWS\system32\uxtheme.dll:uxtheme.dll (00007FF9D5BB0000), size: 647168 (result: 0), SymType: '-deferred-', PDB: '', fileVersion: 10.0.19041.2193
C:\WINDOWS\System32\shcore.dll:shcore.dll (00007FF9DA350000), size: 708608 (result: 0), SymType: '-deferred-', PDB: '', fileVersion: 10.0.19041.1865
C:\WINDOWS\SYSTEM32\windows.storage.dll:windows.storage.dll (00007FF9D6610000), size: 7942144 (result: 0), SymType: '-deferred-', PDB: '', fileVersion: 10.0.19041.2788
C:\WINDOWS\SYSTEM32\Wldp.dll:Wldp.dll (00007FF9D7E50000), size: 188416 (result: 0), SymType: '-deferred-', PDB: '', fileVersion: 10.0.19041.2788
C:\WINDOWS\SYSTEM32\profapi.dll:profapi.dll (00007FF9D84F0000), size: 126976 (result: 0), SymType: '-deferred-', PDB: '', fileVersion: 10.0.19041.844
C:\WINDOWS\system32\IconCodecService.dll:IconCodecService.dll (00007FF9A41E0000), size: 36864 (result: 0), SymType: '-deferred-', PDB: '', fileVersion: 10.0.19041.1
C:\WINDOWS\SYSTEM32\WindowsCodecs.dll:WindowsCodecs.dll (00007FF9D16B0000), size: 1785856 (result: 0), SymType: '-deferred-', PDB: '', fileVersion: 10.0.19041.1706
C:\WINDOWS\System32\clbcatq.dll:clbcatq.dll (00007FF9DAB90000), size: 692224 (result: 0), SymType: '-deferred-', PDB: '', fileVersion: 2001.12.10941.16384
C:\WINDOWS\System32\netprofm.dll:netprofm.dll (00007FF9D3060000), size: 258048 (result: 0), SymType: '-deferred-', PDB: '', fileVersion: 10.0.19041.2913
C:\WINDOWS\System32\npmproxy.dll:npmproxy.dll (00007FF9C8410000), size: 65536 (result: 0), SymType: '-deferred-', PDB: '', fileVersion: 10.0.19041.2913
C:\WINDOWS\System32\NSI.dll:NSI.dll (00007FF9DACA0000), size: 32768 (result: 0), SymType: '-deferred-', PDB: '', fileVersion: 10.0.19041.610
C:\WINDOWS\SYSTEM32\dhcpcsvc6.DLL:dhcpcsvc6.DLL (00007FF9CE480000), size: 94208 (result: 0), SymType: '-deferred-', PDB: '', fileVersion: 10.0.19041.2673
C:\WINDOWS\SYSTEM32\dhcpcsvc.DLL:dhcpcsvc.DLL (00007FF9CDEB0000), size: 118784 (result: 0), SymType: '-deferred-', PDB: '', fileVersion: 10.0.19041.2673
C:\WINDOWS\SYSTEM32\DNSAPI.dll:DNSAPI.dll (00007FF9D7980000), size: 831488 (result: 0), SymType: '-deferred-', PDB: '', fileVersion: 10.0.19041.2546
C:\WINDOWS\system32\napinsp.dll:napinsp.dll (00007FF9B0C70000), size: 94208 (result: 0), SymType: '-deferred-', PDB: '', fileVersion: 10.0.19041.546
C:\WINDOWS\system32\pnrpnsp.dll:pnrpnsp.dll (00007FF9B0C50000), size: 110592 (result: 0), SymType: '-deferred-', PDB: '', fileVersion: 10.0.19041.546
C:\WINDOWS\system32\wshbth.dll:wshbth.dll (00007FF9D30A0000), size: 86016 (result: 0), SymType: '-deferred-', PDB: '', fileVersion: 10.0.19041.546
C:\WINDOWS\system32\NLAapi.dll:NLAapi.dll (00007FF9D3AB0000), size: 118784 (result: 0), SymType: '-deferred-', PDB: '', fileVersion: 10.0.19041.2913
C:\WINDOWS\System32\winrnr.dll:winrnr.dll (00007FF9B0C30000), size: 73728 (result: 0), SymType: '-deferred-', PDB: '', fileVersion: 10.0.19041.546
C:\WINDOWS\System32\fwpuclnt.dll:fwpuclnt.dll (00007FF9CC300000), size: 532480 (result: 0), SymType: '-deferred-', PDB: '', fileVersion: 10.0.19041.2913
C:\Windows\System32\rasadhlp.dll:rasadhlp.dll (00007FF9CF770000), size: 40960 (result: 0), SymType: '-deferred-', PDB: '', fileVersion: 10.0.19041.546
D:\»Î¸ˇ\2021.3.15f1\Editor\NVUnityPlugin.DLL:NVUnityPlugin.DLL (00007FF979990000), size: 1536000 (result: 0), SymType: '-deferred-', PDB: ''
D:\»Î¸ˇ\2021.3.15f1\Editor\Data\Tools\astcenc-avx2.dll:astcenc-avx2.dll (00007FF99D5B0000), size: 561152 (result: 0), SymType: '-deferred-', PDB: ''
C:\WINDOWS\SYSTEM32\d3d11.dll:d3d11.dll (00007FF9D3E20000), size: 2502656 (result: 0), SymType: '-deferred-', PDB: '', fileVersion: 10.0.19041.2913
C:\WINDOWS\SYSTEM32\dxgi.dll:dxgi.dll (00007FF9D6E30000), size: 995328 (result: 0), SymType: '-deferred-', PDB: '', fileVersion: 10.0.19041.2311
C:\WINDOWS\System32\DriverStore\FileRepository\iigd_dch.inf_amd64_e9b40d45ab4dc6b8\igd10iumd64.dll:igd10iumd64.dll (00007FF9CC830000), size: 23580672 (result: 0), SymType: '-deferred-', PDB: '', fileVersion: 27.20.100.8681
C:\WINDOWS\SYSTEM32\ncrypt.dll:ncrypt.dll (00007FF9D7FA0000), size: 163840 (result: 0), SymType: '-deferred-', PDB: '', fileVersion: 10.0.19041.2788
C:\WINDOWS\SYSTEM32\apphelp.dll:apphelp.dll (00007FF9D58E0000), size: 593920 (result: 0), SymType: '-deferred-', PDB: '', fileVersion: 10.0.19041.2913
C:\WINDOWS\SYSTEM32\NTASN1.dll:NTASN1.dll (00007FF9D7F60000), size: 241664 (result: 0), SymType: '-deferred-', PDB: '', fileVersion: 10.0.19041.546
C:\WINDOWS\System32\DriverStore\FileRepository\iigd_dch.inf_amd64_e9b40d45ab4dc6b8\igdgmm64.dll:igdgmm64.dll (00007FF9CBF90000), size: 2355200 (result: 0), SymType: '-deferred-', PDB: '', fileVersion: 27.20.100.8681
C:\WINDOWS\System32\DriverStore\FileRepository\iigd_dch.inf_amd64_e9b40d45ab4dc6b8\igc64.dll:igc64.dll (00007FF9C9320000), size: 46538752 (result: 0), SymType: '-deferred-', PDB: '', fileVersion: 27.20.100.8681
C:\WINDOWS\SYSTEM32\dxcore.dll:dxcore.dll (00007FF9CE610000), size: 241664 (result: 0), SymType: '-deferred-', PDB: '', fileVersion: 10.0.19041.546
C:\WINDOWS\system32\wbem\wbemprox.dll:wbemprox.dll (00007FF9C9180000), size: 69632 (result: 0), SymType: '-deferred-', PDB: '', fileVersion: 10.0.19041.1320
C:\WINDOWS\SYSTEM32\wbemcomn.dll:wbemcomn.dll (00007FF9CE580000), size: 589824 (result: 0), SymType: '-deferred-', PDB: '', fileVersion: 10.0.19041.1566
C:\WINDOWS\system32\wbem\wbemsvc.dll:wbemsvc.dll (00007FF9C8520000), size: 81920 (result: 0), SymType: '-deferred-', PDB: '', fileVersion: 10.0.19041.1320
C:\WINDOWS\system32\wbem\fastprox.dll:fastprox.dll (00007FF9C8660000), size: 1093632 (result: 0), SymType: '-deferred-', PDB: '', fileVersion: 10.0.19041.546
C:\WINDOWS\SYSTEM32\amsi.dll:amsi.dll (00007FF9C7730000), size: 126976 (result: 0), SymType: '-deferred-', PDB: '', fileVersion: 10.0.19041.2075
C:\WINDOWS\SYSTEM32\USERENV.dll:USERENV.dll (00007FF9D84B0000), size: 188416 (result: 0), SymType: '-deferred-', PDB: '', fileVersion: 10.0.19041.572
C:\Program Files\Avast Software\Avast\aswAMSI.dll:aswAMSI.dll (00007FF9C7690000), size: 614400 (result: 0), SymType: '-deferred-', PDB: '', fileVersion: 23.4.8118.0
C:\WINDOWS\SYSTEM32\opencl.dll:opencl.dll (00007FF9B5510000), size: 512000 (result: 0), SymType: '-deferred-', PDB: '', fileVersion: 2.2.8.0
D:\»Î¸ˇ\2021.3.15f1\Editor\radeonrays.dll:radeonrays.dll (00007FF996D50000), size: 557056 (result: 0), SymType: '-deferred-', PDB: ''
D:\»Î¸ˇ\2021.3.15f1\Editor\Data\MonoBleedingEdge\EmbedRuntime\mono-2.0-bdwgc.dll:mono-2.0-bdwgc.dll (00007FF94BE20000), size: 10686464 (result: 0), SymType: '-deferred-', PDB: ''
C:\WINDOWS\SYSTEM32\dbghelp.dll:dbghelp.dll (00007FF9D6320000), size: 1982464 (result: 0), SymType: '-deferred-', PDB: '', fileVersion: 10.0.19041.867
C:\WINDOWS\System32\psapi.dll:psapi.dll (00007FF9DAA60000), size: 32768 (result: 0), SymType: '-deferred-', PDB: '', fileVersion: 10.0.19041.546

========== OUTPUTTING STACK TRACE ==================

SymInit: Symbol-SearchPath: 'D:/–ò–ª—å—è/2021.3.15f1/Editor/Data/Mono;.;D:\»Î¸ˇ\CV\projects\TileVania!!;D:\»Î¸ˇ\CV\projects\TileVania!!\Library\BurstCache\JIT;D:\»Î¸ˇ\2021.3.15f1\Editor;C:\WINDOWS;C:\WINDOWS\system32;', symOptions: 534, UserName: 'Iulia'
OS-Version: 10.0.0
D:\»Î¸ˇ\2021.3.15f1\Editor\Unity.exe:Unity.exe (00007FF68F660000), size: 73695232 (result: 0), SymType: 'PDB', PDB: 'D:\»Î¸ˇ\2021.3.15f1\Editor\Unity_x64.pdb', fileVersion: 2021.3.15.59526
C:\WINDOWS\SYSTEM32\ntdll.dll:ntdll.dll (00007FF9DAED0000), size: 2064384 (result: 0), SymType: '-exported-', PDB: 'C:\WINDOWS\SYSTEM32\ntdll.dll', fileVersion: 10.0.19041.2788
C:\Program Files\Avast Software\Avast\aswhook.dll:aswhook.dll (00007FF96D070000), size: 102400 (result: 0), SymType: '-nosymbols-', PDB: 'C:\Program Files\Avast Software\Avast\aswhook.dll', fileVersion: 23.4.8118.0
C:\WINDOWS\System32\KERNEL32.DLL:KERNEL32.DLL (00007FF9DA800000), size: 782336 (result: 0), SymType: '-deferred-', PDB: '', fileVersion: 10.0.19041.2913
C:\WINDOWS\System32\KERNELBASE.dll:KERNELBASE.dll (00007FF9D87B0000), size: 3104768 (result: 0), SymType: '-deferred-', PDB: '', fileVersion: 10.0.19041.2913
C:\WINDOWS\System32\CRYPT32.dll:CRYPT32.dll (00007FF9D8DD0000), size: 1433600 (result: 0), SymType: '-deferred-', PDB: '', fileVersion: 10.0.19041.2965
C:\WINDOWS\System32\ucrtbase.dll:ucrtbase.dll (00007FF9D8B20000), size: 1048576 (result: 0), SymType: '-exported-', PDB: 'C:\WINDOWS\System32\ucrtbase.dll', fileVersion: 10.0.19041.789
C:\WINDOWS\System32\USER32.dll:USER32.dll (00007FF9DA8C0000), size: 1691648 (result: 0), SymType: '-exported-', PDB: 'C:\WINDOWS\System32\USER32.dll', fileVersion: 10.0.19041.2788
C:\WINDOWS\System32\win32u.dll:win32u.dll (00007FF9D8730000), size: 139264 (result: 0), SymType: '-exported-', PDB: 'C:\WINDOWS\System32\win32u.dll', fileVersion: 10.0.19041.2913
C:\WINDOWS\System32\GDI32.dll:GDI32.dll (00007FF9DAE60000), size: 180224 (result: 0), SymType: '-exported-', PDB: 'C:\WINDOWS\System32\GDI32.dll', fileVersion: 10.0.19041.2913
C:\WINDOWS\System32\gdi32full.dll:gdi32full.dll (00007FF9D8CB0000), size: 1134592 (result: 0), SymType: '-deferred-', PDB: '', fileVersion: 10.0.19041.2913
C:\WINDOWS\System32\msvcp_win.dll:msvcp_win.dll (00007FF9D85E0000), size: 643072 (result: 0), SymType: '-exported-', PDB: 'C:\WINDOWS\System32\msvcp_win.dll', fileVersion: 10.0.19041.789
C:\WINDOWS\System32\ADVAPI32.dll:ADVAPI32.dll (00007FF9D9230000), size: 716800 (result: 0), SymType: '-exported-', PDB: 'C:\WINDOWS\System32\ADVAPI32.dll', fileVersion: 10.0.19041.2913
C:\WINDOWS\System32\msvcrt.dll:msvcrt.dll (00007FF9D90F0000), size: 647168 (result: 0), SymType: '-exported-', PDB: 'C:\WINDOWS\System32\msvcrt.dll', fileVersion: 7.0.19041.546
C:\WINDOWS\System32\sechost.dll:sechost.dll (00007FF9D9190000), size: 638976 (result: 0), SymType: '-exported-', PDB: 'C:\WINDOWS\System32\sechost.dll', fileVersion: 10.0.19041.2913
C:\WINDOWS\System32\RPCRT4.dll:RPCRT4.dll (00007FF9DA6D0000), size: 1204224 (result: 0), SymType: '-exported-', PDB: 'C:\WINDOWS\System32\RPCRT4.dll', fileVersion: 10.0.19041.2965
C:\WINDOWS\System32\SHELL32.dll:SHELL32.dll (00007FF9D9340000), size: 7618560 (result: 0), SymType: '-exported-', PDB: 'C:\WINDOWS\System32\SHELL32.dll', fileVersion: 10.0.19041.2788
C:\WINDOWS\System32\SHLWAPI.dll:SHLWAPI.dll (00007FF9DAC40000), size: 348160 (result: 0), SymType: '-exported-', PDB: 'C:\WINDOWS\System32\SHLWAPI.dll', fileVersion: 10.0.19041.2075
D:\»Î¸ˇ\2021.3.15f1\Editor\libfbxsdk.dll:libfbxsdk.dll (00007FF94E130000), size: 10215424 (result: 0), SymType: '-exported-', PDB: 'D:\»Î¸ˇ\2021.3.15f1\Editor\libfbxsdk.dll', fileVersion: 2020.2.0.0
C:\WINDOWS\System32\ole32.dll:ole32.dll (00007FF9DA5A0000), size: 1220608 (result: 0), SymType: '-exported-', PDB: 'C:\WINDOWS\System32\ole32.dll', fileVersion: 10.0.19041.2965
C:\WINDOWS\System32\combase.dll:combase.dll (00007FF9D9FF0000), size: 3489792 (result: 0), SymType: '-exported-', PDB: 'C:\WINDOWS\System32\combase.dll', fileVersion: 10.0.19041.2788
C:\WINDOWS\System32\IMM32.dll:IMM32.dll (00007FF9DAAD0000), size: 196608 (result: 0), SymType: '-exported-', PDB: 'C:\WINDOWS\System32\IMM32.dll', fileVersion: 10.0.19041.2673
C:\WINDOWS\System32\SETUPAPI.dll:SETUPAPI.dll (00007FF9D9B80000), size: 4620288 (result: 0), SymType: '-exported-', PDB: 'C:\WINDOWS\System32\SETUPAPI.dll', fileVersion: 10.0.19041.2193
C:\WINDOWS\System32\cfgmgr32.dll:cfgmgr32.dll (00007FF9D8760000), size: 319488 (result: 0), SymType: '-exported-', PDB: 'C:\WINDOWS\System32\cfgmgr32.dll', fileVersion: 10.0.19041.1620
D:\»Î¸ˇ\2021.3.15f1\Editor\optix.6.0.0.dll:optix.6.0.0.dll (00007FF9C35E0000), size: 208896 (result: 0), SymType: '-exported-', PDB: 'D:\»Î¸ˇ\2021.3.15f1\Editor\optix.6.0.0.dll', fileVersion: 6.0.0.0
C:\WINDOWS\System32\bcrypt.dll:bcrypt.dll (00007FF9D85B0000), size: 159744 (result: 0), SymType: '-exported-', PDB: 'C:\WINDOWS\System32\bcrypt.dll', fileVersion: 10.0.19041.2486
C:\WINDOWS\System32\WS2_32.dll:WS2_32.dll (00007FF9DAB20000), size: 438272 (result: 0), SymType: '-exported-', PDB: 'C:\WINDOWS\System32\WS2_32.dll', fileVersion: 10.0.19041.546
C:\WINDOWS\System32\OLEAUT32.dll:OLEAUT32.dll (00007FF9D9010000), size: 839680 (result: 0), SymType: '-exported-', PDB: 'C:\WINDOWS\System32\OLEAUT32.dll', fileVersion: 10.0.19041.985
D:\»Î¸ˇ\2021.3.15f1\Editor\s3tcompress.dll:s3tcompress.dll (00007FF9D2320000), size: 180224 (result: 0), SymType: '-exported-', PDB: 'D:\»Î¸ˇ\2021.3.15f1\Editor\s3tcompress.dll'
C:\WINDOWS\System32\WINTRUST.dll:WINTRUST.dll (00007FF9D8AB0000), size: 421888 (result: 0), SymType: '-exported-', PDB: 'C:\WINDOWS\System32\WINTRUST.dll', fileVersion: 10.0.19041.2913
D:\»Î¸ˇ\2021.3.15f1\Editor\etccompress.dll:etccompress.dll (00007FF951CC0000), size: 5066752 (result: 0), SymType: '-exported-', PDB: 'D:\»Î¸ˇ\2021.3.15f1\Editor\etccompress.dll'
D:\»Î¸ˇ\2021.3.15f1\Editor\ispc_texcomp.dll:ispc_texcomp.dll (00007FF9B6A70000), size: 1740800 (result: 0), SymType: '-exported-', PDB: 'D:\»Î¸ˇ\2021.3.15f1\Editor\ispc_texcomp.dll'
D:\»Î¸ˇ\2021.3.15f1\Editor\compress_bc7e.dll:compress_bc7e.dll (00007FF9B6910000), size: 1441792 (result: 0), SymType: '-exported-', PDB: 'D:\»Î¸ˇ\2021.3.15f1\Editor\compress_bc7e.dll'
D:\»Î¸ˇ\2021.3.15f1\Editor\FreeImage.dll:FreeImage.dll (0000000180000000), size: 6582272 (result: 0), SymType: '-exported-', PDB: 'D:\»Î¸ˇ\2021.3.15f1\Editor\FreeImage.dll', fileVersion: 3.18.0.0
D:\»Î¸ˇ\2021.3.15f1\Editor\OpenImageDenoise.dll:OpenImageDenoise.dll (00007FF8F8BD0000), size: 48848896 (result: 0), SymType: '-exported-', PDB: 'D:\»Î¸ˇ\2021.3.15f1\Editor\OpenImageDenoise.dll', fileVersion: 1.4.2.0
D:\»Î¸ˇ\2021.3.15f1\Editor\WinPixEventRuntime.dll:WinPixEventRuntime.dll (00007FF9D3C30000), size: 45056 (result: 0), SymType: '-exported-', PDB: 'D:\»Î¸ˇ\2021.3.15f1\Editor\WinPixEventRuntime.dll', fileVersion: 1.0.1812.6001
D:\»Î¸ˇ\2021.3.15f1\Editor\umbraoptimizer64.dll:umbraoptimizer64.dll (00007FF99D640000), size: 1187840 (result: 0), SymType: '-exported-', PDB: 'D:\»Î¸ˇ\2021.3.15f1\Editor\umbraoptimizer64.dll'
C:\WINDOWS\SYSTEM32\OPENGL32.dll:OPENGL32.dll (00007FF9B61F0000), size: 1200128 (result: 0), SymType: '-exported-', PDB: 'C:\WINDOWS\SYSTEM32\OPENGL32.dll', fileVersion: 10.0.19041.2193
C:\WINDOWS\SYSTEM32\GLU32.dll:GLU32.dll (00007FF9B7610000), size: 180224 (result: 0), SymType: '-exported-', PDB: 'C:\WINDOWS\SYSTEM32\GLU32.dll', fileVersion: 10.0.19041.2193
C:\WINDOWS\SYSTEM32\IPHLPAPI.DLL:IPHLPAPI.DLL (00007FF9D7940000), size: 245760 (result: 0), SymType: '-exported-', PDB: 'C:\WINDOWS\SYSTEM32\IPHLPAPI.DLL', fileVersion: 10.0.19041.2788
C:\WINDOWS\SYSTEM32\WINHTTP.dll:WINHTTP.dll (00007FF9CF660000), size: 1089536 (result: 0), SymType: '-exported-', PDB: 'C:\WINDOWS\SYSTEM32\WINHTTP.dll', fileVersion: 10.0.19041.2673
C:\WINDOWS\SYSTEM32\WINMM.dll:WINMM.dll (00007FF9B93A0000), size: 159744 (result: 0), SymType: '-exported-', PDB: 'C:\WINDOWS\SYSTEM32\WINMM.dll', fileVersion: 10.0.19041.546
C:\WINDOWS\SYSTEM32\HID.DLL:HID.DLL (00007FF9D6DB0000), size: 53248 (result: 0), SymType: '-exported-', PDB: 'C:\WINDOWS\SYSTEM32\HID.DLL', fileVersion: 10.0.19041.546
D:\»Î¸ˇ\2021.3.15f1\Editor\RadeonImageFilters.dll:RadeonImageFilters.dll (00007FF9540E0000), size: 2961408 (result: 0), SymType: '-exported-', PDB: 'D:\»Î¸ˇ\2021.3.15f1\Editor\RadeonImageFilters.dll', fileVersion: 1.7.0.0
C:\WINDOWS\SYSTEM32\dwmapi.dll:dwmapi.dll (00007FF9D5D90000), size: 192512 (result: 0), SymType: '-exported-', PDB: 'C:\WINDOWS\SYSTEM32\dwmapi.dll', fileVersion: 10.0.19041.746
D:\»Î¸ˇ\2021.3.15f1\Editor\SketchUpAPI.dll:SketchUpAPI.dll (00007FF94D850000), size: 9306112 (result: 0), SymType: '-exported-', PDB: 'D:\»Î¸ˇ\2021.3.15f1\Editor\SketchUpAPI.dll', fileVersion: 20.2.172.0
C:\WINDOWS\SYSTEM32\VERSION.dll:VERSION.dll (00007FF9D1130000), size: 40960 (result: 0), SymType: '-exported-', PDB: 'C:\WINDOWS\SYSTEM32\VERSION.dll', fileVersion: 10.0.19041.546
C:\WINDOWS\SYSTEM32\WSOCK32.dll:WSOCK32.dll (00007FF9C1AC0000), size: 36864 (result: 0), SymType: '-exported-', PDB: 'C:\WINDOWS\SYSTEM32\WSOCK32.dll', fileVersion: 10.0.19041.1
D:\»Î¸ˇ\2021.3.15f1\Editor\tbb12.dll:tbb12.dll (00007FF9B6780000), size: 434176 (result: 0), SymType: '-exported-', PDB: 'D:\»Î¸ˇ\2021.3.15f1\Editor\tbb12.dll'
C:\WINDOWS\SYSTEM32\MSVCP140.dll:MSVCP140.dll (00007FF94B430000), size: 581632 (result: 0), SymType: '-exported-', PDB: 'C:\WINDOWS\SYSTEM32\MSVCP140.dll', fileVersion: 14.32.31332.0
C:\WINDOWS\SYSTEM32\VCRUNTIME140.dll:VCRUNTIME140.dll (00007FF96D050000), size: 110592 (result: 0), SymType: '-exported-', PDB: 'C:\WINDOWS\SYSTEM32\VCRUNTIME140.dll', fileVersion: 14.32.31332.0
D:\»Î¸ˇ\2021.3.15f1\Editor\RadeonML.dll:RadeonML.dll (00007FF9D2B60000), size: 94208 (result: 0), SymType: '-exported-', PDB: 'D:\»Î¸ˇ\2021.3.15f1\Editor\RadeonML.dll', fileVersion: 0.9.11.0
D:\»Î¸ˇ\2021.3.15f1\Editor\SketchUpCommonPreferences.dll:SketchUpCommonPreferences.dll (00007FF9B5590000), size: 479232 (result: 0), SymType: '-exported-', PDB: 'D:\»Î¸ˇ\2021.3.15f1\Editor\SketchUpCommonPreferences.dll', fileVersion: 20.2.172.37
C:\WINDOWS\SYSTEM32\Secur32.dll:Secur32.dll (00007FF9C3130000), size: 49152 (result: 0), SymType: '-exported-', PDB: 'C:\WINDOWS\SYSTEM32\Secur32.dll', fileVersion: 10.0.19041.546
C:\WINDOWS\SYSTEM32\VCRUNTIME140_1.dll:VCRUNTIME140_1.dll (00007FF94B330000), size: 49152 (result: 0), SymType: '-exported-', PDB: 'C:\WINDOWS\SYSTEM32\VCRUNTIME140_1.dll', fileVersion: 14.32.31332.0
D:\»Î¸ˇ\2021.3.15f1\Editor\tbbmalloc.dll:tbbmalloc.dll (00007FF9C2FB0000), size: 282624 (result: 0), SymType: '-exported-', PDB: 'D:\»Î¸ˇ\2021.3.15f1\Editor\tbbmalloc.dll'
C:\WINDOWS\SYSTEM32\SSPICLI.DLL:SSPICLI.DLL (00007FF9D8470000), size: 204800 (result: 0), SymType: '-exported-', PDB: 'C:\WINDOWS\SYSTEM32\SSPICLI.DLL', fileVersion: 10.0.19041.2130
D:\»Î¸ˇ\2021.3.15f1\Editor\OpenRL.dll:OpenRL.dll (0000020E7DB20000), size: 12779520 (result: 0), SymType: '-exported-', PDB: 'D:\»Î¸ˇ\2021.3.15f1\Editor\OpenRL.dll', fileVersion: 1.5.0.2907
C:\WINDOWS\SYSTEM32\MSVCR100.dll:MSVCR100.dll (00000000578C0000), size: 860160 (result: 0), SymType: '-exported-', PDB: 'C:\WINDOWS\SYSTEM32\MSVCR100.dll', fileVersion: 10.0.40219.325
C:\WINDOWS\SYSTEM32\MSVCP100.dll:MSVCP100.dll (00000000579A0000), size: 622592 (result: 0), SymType: '-exported-', PDB: 'C:\WINDOWS\SYSTEM32\MSVCP100.dll', fileVersion: 10.0.40219.325
D:\»Î¸ˇ\2021.3.15f1\Editor\embree.dll:embree.dll (00007FF94C860000), size: 16711680 (result: 0), SymType: '-exported-', PDB: 'D:\»Î¸ˇ\2021.3.15f1\Editor\embree.dll', fileVersion: 2.14.0.0
C:\WINDOWS\SYSTEM32\MSWSOCK.DLL:MSWSOCK.DLL (00007FF9D7C30000), size: 434176 (result: 0), SymType: '-exported-', PDB: 'C:\WINDOWS\SYSTEM32\MSWSOCK.DLL', fileVersion: 10.0.19041.546
D:\»Î¸ˇ\2021.3.15f1\Editor\tbb.dll:tbb.dll (00007FF9B56B0000), size: 413696 (result: 0), SymType: '-exported-', PDB: 'D:\»Î¸ˇ\2021.3.15f1\Editor\tbb.dll', fileVersion: 2017.0.2016.1004
C:\WINDOWS\SYSTEM32\MSVCP120.dll:MSVCP120.dll (00007FF9AE130000), size: 679936 (result: 0), SymType: '-exported-', PDB: 'C:\WINDOWS\SYSTEM32\MSVCP120.dll', fileVersion: 12.0.40664.0
C:\WINDOWS\SYSTEM32\MSVCR120.dll:MSVCR120.dll (00007FF997E20000), size: 978944 (result: 0), SymType: '-exported-', PDB: 'C:\WINDOWS\SYSTEM32\MSVCR120.dll', fileVersion: 12.0.40664.0
D:\»Î¸ˇ\2021.3.15f1\Editor\OpenRL_pthread.dll:OpenRL_pthread.dll (0000020E7E770000), size: 61440 (result: 0), SymType: '-exported-', PDB: 'D:\»Î¸ˇ\2021.3.15f1\Editor\OpenRL_pthread.dll', fileVersion: 2.9.0.0
C:\WINDOWS\SYSTEM32\MSASN1.dll:MSASN1.dll (00007FF9D80C0000), size: 73728 (result: 0), SymType: '-exported-', PDB: 'C:\WINDOWS\SYSTEM32\MSASN1.dll', fileVersion: 10.0.19041.2251
C:\WINDOWS\SYSTEM32\kernel.appcore.dll:kernel.appcore.dll (00007FF9D6DC0000), size: 73728 (result: 0), SymType: '-exported-', PDB: 'C:\WINDOWS\SYSTEM32\kernel.appcore.dll', fileVersion: 10.0.19041.546
C:\WINDOWS\System32\bcryptPrimitives.dll:bcryptPrimitives.dll (00007FF9D8C20000), size: 532480 (result: 0), SymType: '-exported-', PDB: 'C:\WINDOWS\System32\bcryptPrimitives.dll', fileVersion: 10.0.19041.2486
C:\WINDOWS\system32\uxtheme.dll:uxtheme.dll (00007FF9D5BB0000), size: 647168 (result: 0), SymType: '-exported-', PDB: 'C:\WINDOWS\system32\uxtheme.dll', fileVersion: 10.0.19041.2193
C:\WINDOWS\System32\shcore.dll:shcore.dll (00007FF9DA350000), size: 708608 (result: 0), SymType: '-exported-', PDB: 'C:\WINDOWS\System32\shcore.dll', fileVersion: 10.0.19041.1865
C:\WINDOWS\SYSTEM32\windows.storage.dll:windows.storage.dll (00007FF9D6610000), size: 7942144 (result: 0), SymType: '-exported-', PDB: 'C:\WINDOWS\SYSTEM32\windows.storage.dll', fileVersion: 10.0.19041.2788
C:\WINDOWS\SYSTEM32\Wldp.dll:Wldp.dll (00007FF9D7E50000), size: 188416 (result: 0), SymType: '-exported-', PDB: 'C:\WINDOWS\SYSTEM32\Wldp.dll', fileVersion: 10.0.19041.2788
C:\WINDOWS\SYSTEM32\profapi.dll:profapi.dll (00007FF9D84F0000), size: 126976 (result: 0), SymType: '-nosymbols-', PDB: 'C:\WINDOWS\SYSTEM32\profapi.dll', fileVersion: 10.0.19041.844
C:\WINDOWS\system32\IconCodecService.dll:IconCodecService.dll (00007FF9A41E0000), size: 36864 (result: 0), SymType: '-nosymbols-', PDB: 'C:\WINDOWS\system32\IconCodecService.dll', fileVersion: 10.0.19041.1
C:\WINDOWS\SYSTEM32\WindowsCodecs.dll:WindowsCodecs.dll (00007FF9D16B0000), size: 1785856 (result: 0), SymType: '-exported-', PDB: 'C:\WINDOWS\SYSTEM32\WindowsCodecs.dll', fileVersion: 10.0.19041.1706
C:\WINDOWS\System32\clbcatq.dll:clbcatq.dll (00007FF9DAB90000), size: 692224 (result: 0), SymType: '-exported-', PDB: 'C:\WINDOWS\System32\clbcatq.dll', fileVersion: 2001.12.10941.16384
C:\WINDOWS\System32\netprofm.dll:netprofm.dll (00007FF9D3060000), size: 258048 (result: 0), SymType: '-exported-', PDB: 'C:\WINDOWS\System32\netprofm.dll', fileVersion: 10.0.19041.2913
C:\WINDOWS\System32\npmproxy.dll:npmproxy.dll (00007FF9C8410000), size: 65536 (result: 0), SymType: '-exported-', PDB: 'C:\WINDOWS\System32\npmproxy.dll', fileVersion: 10.0.19041.2913
C:\WINDOWS\System32\NSI.dll:NSI.dll (00007FF9DACA0000), size: 32768 (result: 0), SymType: '-exported-', PDB: 'C:\WINDOWS\System32\NSI.dll', fileVersion: 10.0.19041.610
C:\WINDOWS\SYSTEM32\dhcpcsvc6.DLL:dhcpcsvc6.DLL (00007FF9CE480000), size: 94208 (result: 0), SymType: '-exported-', PDB: 'C:\WINDOWS\SYSTEM32\dhcpcsvc6.DLL', fileVersion: 10.0.19041.2673
C:\WINDOWS\SYSTEM32\dhcpcsvc.DLL:dhcpcsvc.DLL (00007FF9CDEB0000), size: 118784 (result: 0), SymType: '-exported-', PDB: 'C:\WINDOWS\SYSTEM32\dhcpcsvc.DLL', fileVersion: 10.0.19041.2673
C:\WINDOWS\SYSTEM32\DNSAPI.dll:DNSAPI.dll (00007FF9D7980000), size: 831488 (result: 0), SymType: '-exported-', PDB: 'C:\WINDOWS\SYSTEM32\DNSAPI.dll', fileVersion: 10.0.19041.2546
C:\WINDOWS\system32\napinsp.dll:napinsp.dll (00007FF9B0C70000), size: 94208 (result: 0), SymType: '-exported-', PDB: 'C:\WINDOWS\system32\napinsp.dll', fileVersion: 10.0.19041.546
C:\WINDOWS\system32\pnrpnsp.dll:pnrpnsp.dll (00007FF9B0C50000), size: 110592 (result: 0), SymType: '-exported-', PDB: 'C:\WINDOWS\system32\pnrpnsp.dll', fileVersion: 10.0.19041.546
C:\WINDOWS\system32\wshbth.dll:wshbth.dll (00007FF9D30A0000), size: 86016 (result: 0), SymType: '-exported-', PDB: 'C:\WINDOWS\system32\wshbth.dll', fileVersion: 10.0.19041.546
C:\WINDOWS\system32\NLAapi.dll:NLAapi.dll (00007FF9D3AB0000), size: 118784 (result: 0), SymType: '-exported-', PDB: 'C:\WINDOWS\system32\NLAapi.dll', fileVersion: 10.0.19041.2913
C:\WINDOWS\System32\winrnr.dll:winrnr.dll (00007FF9B0C30000), size: 73728 (result: 0), SymType: '-exported-', PDB: 'C:\WINDOWS\System32\winrnr.dll', fileVersion: 10.0.19041.546
C:\WINDOWS\System32\fwpuclnt.dll:fwpuclnt.dll (00007FF9CC300000), size: 532480 (result: 0), SymType: '-exported-', PDB: 'C:\WINDOWS\System32\fwpuclnt.dll', fileVersion: 10.0.19041.2913
C:\Windows\System32\rasadhlp.dll:rasadhlp.dll (00007FF9CF770000), size: 40960 (result: 0), SymType: '-exported-', PDB: 'C:\Windows\System32\rasadhlp.dll', fileVersion: 10.0.19041.546
D:\»Î¸ˇ\2021.3.15f1\Editor\NVUnityPlugin.DLL:NVUnityPlugin.DLL (00007FF979990000), size: 1536000 (result: 0), SymType: '-exported-', PDB: 'D:\»Î¸ˇ\2021.3.15f1\Editor\NVUnityPlugin.DLL'
D:\»Î¸ˇ\2021.3.15f1\Editor\Data\Tools\astcenc-avx2.dll:astcenc-avx2.dll (00007FF99D5B0000), size: 561152 (result: 0), SymType: '-exported-', PDB: 'D:\»Î¸ˇ\2021.3.15f1\Editor\Data\Tools\astcenc-avx2.dll'
C:\WINDOWS\SYSTEM32\d3d11.dll:d3d11.dll (00007FF9D3E20000), size: 2502656 (result: 0), SymType: '-exported-', PDB: 'C:\WINDOWS\SYSTEM32\d3d11.dll', fileVersion: 10.0.19041.2913
C:\WINDOWS\SYSTEM32\dxgi.dll:dxgi.dll (00007FF9D6E30000), size: 995328 (result: 0), SymType: '-exported-', PDB: 'C:\WINDOWS\SYSTEM32\dxgi.dll', fileVersion: 10.0.19041.2311
C:\WINDOWS\System32\DriverStore\FileRepository\iigd_dch.inf_amd64_e9b40d45ab4dc6b8\igd10iumd64.dll:igd10iumd64.dll (00007FF9CC830000), size: 23580672 (result: 0), SymType: '-exported-', PDB: 'C:\WINDOWS\System32\DriverStore\FileRepository\iigd_dch.inf_amd64_e9b40d45ab4dc6b8\igd10iumd64.dll', fileVersion: 27.20.100.8681
C:\WINDOWS\SYSTEM32\ncrypt.dll:ncrypt.dll (00007FF9D7FA0000), size: 163840 (result: 0), SymType: '-exported-', PDB: 'C:\WINDOWS\SYSTEM32\ncrypt.dll', fileVersion: 10.0.19041.2788
C:\WINDOWS\SYSTEM32\apphelp.dll:apphelp.dll (00007FF9D58E0000), size: 593920 (result: 0), SymType: '-exported-', PDB: 'C:\WINDOWS\SYSTEM32\apphelp.dll', fileVersion: 10.0.19041.2913
C:\WINDOWS\SYSTEM32\NTASN1.dll:NTASN1.dll (00007FF9D7F60000), size: 241664 (result: 0), SymType: '-nosymbols-', PDB: 'C:\WINDOWS\SYSTEM32\NTASN1.dll', fileVersion: 10.0.19041.546
C:\WINDOWS\System32\DriverStore\FileRepository\iigd_dch.inf_amd64_e9b40d45ab4dc6b8\igdgmm64.dll:igdgmm64.dll (00007FF9CBF90000), size: 2355200 (result: 0), SymType: '-exported-', PDB: 'C:\WINDOWS\System32\DriverStore\FileRepository\iigd_dch.inf_amd64_e9b40d45ab4dc6b8\igdgmm64.dll', fileVersion: 27.20.100.8681
C:\WINDOWS\System32\DriverStore\FileRepository\iigd_dch.inf_amd64_e9b40d45ab4dc6b8\igc64.dll:igc64.dll (00007FF9C9320000), size: 46538752 (result: 0), SymType: '-exported-', PDB: 'C:\WINDOWS\System32\DriverStore\FileRepository\iigd_dch.inf_amd64_e9b40d45ab4dc6b8\igc64.dll', fileVersion: 27.20.100.8681
C:\WINDOWS\SYSTEM32\dxcore.dll:dxcore.dll (00007FF9CE610000), size: 241664 (result: 0), SymType: '-exported-', PDB: 'C:\WINDOWS\SYSTEM32\dxcore.dll', fileVersion: 10.0.19041.546
C:\WINDOWS\system32\wbem\wbemprox.dll:wbemprox.dll (00007FF9C9180000), size: 69632 (result: 0), SymType: '-exported-', PDB: 'C:\WINDOWS\system32\wbem\wbemprox.dll', fileVersion: 10.0.19041.1320
C:\WINDOWS\SYSTEM32\wbemcomn.dll:wbemcomn.dll (00007FF9CE580000), size: 589824 (result: 0), SymType: '-exported-', PDB: 'C:\WINDOWS\SYSTEM32\wbemcomn.dll', fileVersion: 10.0.19041.1566
C:\WINDOWS\system32\wbem\wbemsvc.dll:wbemsvc.dll (00007FF9C8520000), size: 81920 (result: 0), SymType: '-exported-', PDB: 'C:\WINDOWS\system32\wbem\wbemsvc.dll', fileVersion: 10.0.19041.1320
C:\WINDOWS\system32\wbem\fastprox.dll:fastprox.dll (00007FF9C8660000), size: 1093632 (result: 0), SymType: '-exported-', PDB: 'C:\WINDOWS\system32\wbem\fastprox.dll', fileVersion: 10.0.19041.546
C:\WINDOWS\SYSTEM32\amsi.dll:amsi.dll (00007FF9C7730000), size: 126976 (result: 0), SymType: '-exported-', PDB: 'C:\WINDOWS\SYSTEM32\amsi.dll', fileVersion: 10.0.19041.2075
C:\WINDOWS\SYSTEM32\USERENV.dll:USERENV.dll (00007FF9D84B0000), size: 188416 (result: 0), SymType: '-exported-', PDB: 'C:\WINDOWS\SYSTEM32\USERENV.dll', fileVersion: 10.0.19041.572
C:\Program Files\Avast Software\Avast\aswAMSI.dll:aswAMSI.dll (00007FF9C7690000), size: 614400 (result: 0), SymType: '-exported-', PDB: 'C:\Program Files\Avast Software\Avast\aswAMSI.dll', fileVersion: 23.4.8118.0
C:\WINDOWS\SYSTEM32\opencl.dll:opencl.dll (00007FF9B5510000), size: 512000 (result: 0), SymType: '-exported-', PDB: 'C:\WINDOWS\SYSTEM32\opencl.dll', fileVersion: 2.2.8.0
D:\»Î¸ˇ\2021.3.15f1\Editor\radeonrays.dll:radeonrays.dll (00007FF996D50000), size: 557056 (result: 0), SymType: '-exported-', PDB: 'D:\»Î¸ˇ\2021.3.15f1\Editor\radeonrays.dll'
D:\»Î¸ˇ\2021.3.15f1\Editor\Data\MonoBleedingEdge\EmbedRuntime\mono-2.0-bdwgc.dll:mono-2.0-bdwgc.dll (00007FF94BE20000), size: 10686464 (result: 0), SymType: 'PDB', PDB: 'D:\»Î¸ˇ\2021.3.15f1\Editor\mono-2.0-bdwgc.pdb'
C:\WINDOWS\SYSTEM32\dbghelp.dll:dbghelp.dll (00007FF9D6320000), size: 1982464 (result: 0), SymType: '-exported-', PDB: 'C:\WINDOWS\SYSTEM32\dbghelp.dll', fileVersion: 10.0.19041.867
0x00007FF9D87DCF19 (KERNELBASE) RaiseException
0x00007FF94BE9064C (mono-2.0-bdwgc) [C:\build\output\Unity-Technologies\mono\mono\utils\mono-log-common.c:143] mono_log_write_logfile 
0x00007FF94BE7C4A2 (mono-2.0-bdwgc) [C:\build\output\Unity-Technologies\mono\mono\eglib\goutput.c:172] monoeg_g_logv_nofree 
0x00007FF94BE7C508 (mono-2.0-bdwgc) [C:\build\output\Unity-Technologies\mono\mono\eglib\goutput.c:187] monoeg_g_log 
0x00007FF94BF96BE3 (mono-2.0-bdwgc) [C:\build\output\Unity-Technologies\mono\mono\metadata\mempool.c:297] mono_mempool_alloc 
0x00007FF94BF64FC5 (mono-2.0-bdwgc) [C:\build\output\Unity-Technologies\mono\mono\metadata\image.c:3367] mono_image_alloc0 
0x00007FF94BEE494F (mono-2.0-bdwgc) [C:\build\output\Unity-Technologies\mono\mono\metadata\class-init.c:465] mono_class_create_from_typedef 
0x00007FF94BEDB4D4 (mono-2.0-bdwgc) [C:\build\output\Unity-Technologies\mono\mono\metadata\class.c:2872] mono_class_get_checked 
0x00007FF94BFA168D (mono-2.0-bdwgc) [C:\build\output\Unity-Technologies\mono\mono\metadata\metadata.c:4417] do_mono_metadata_parse_type 
0x00007FF94BF9B561 (mono-2.0-bdwgc) [C:\build\output\Unity-Technologies\mono\mono\metadata\metadata.c:2188] mono_metadata_parse_type_internal 
0x00007FF94BEE2FA7 (mono-2.0-bdwgc) [C:\build\output\Unity-Technologies\mono\mono\metadata\class.c:6419] mono_field_resolve_type 
0x00007FF94BEE43AF (mono-2.0-bdwgc) [C:\build\output\Unity-Technologies\mono\mono\metadata\class-init.c:329] mono_class_setup_fields 
0x00007FF94BEE8852 (mono-2.0-bdwgc) [C:\build\output\Unity-Technologies\mono\mono\metadata\class-init.c:1768] init_sizes_with_info 
0x00007FF94BEEB021 (mono-2.0-bdwgc) [C:\build\output\Unity-Technologies\mono\mono\metadata\class-init.c:2835] mono_class_init_internal 
0x00007FF94BEE0523 (mono-2.0-bdwgc) [C:\build\output\Unity-Technologies\mono\mono\metadata\class.c:5192] mono_class_get_interfaces 
0x00007FF69058FB87 (Unity) scripting_class_get_interfaces
0x00007FF690537E81 (Unity) ScrapeImplementedInterfaces
0x00007FF690536BC6 (Unity) ScanAssemblyForAttributesAndInterfaceImplementations
0x00007FF690537B7F (Unity) ScanForAttributesAndInterfaceImplementations
0x00007FF690565AE3 (Unity) MonoManager::SetupTypeCache
0x00007FF69055AF53 (Unity) MonoManager::EndReloadAssembly
0x00007FF690562E78 (Unity) MonoManager::ReloadAssembly
0x00007FF69149AF2E (Unity) LoadUnityMonoAssemblies
0x00007FF6911861F0 (Unity) Application::InitializeProject
0x00007FF6915EA758 (Unity) WinMain
0x00007FF69298CADE (Unity) __scrt_common_main_seh
0x00007FF9DA817614 (KERNEL32) BaseThreadInitThunk
0x00007FF9DAF226A1 (ntdll) RtlUserThreadStart

========== END OF STACKTRACE ===========

A crash has been intercepted by the crash handler. For call stack and other details, see the latest crash report generated in:
 * C:/Users/Iulia/AppData/Local/Temp/Unity/Editor/Crashes
